GROUP,PACKAGE,CLASS,INSTRUCTION_MISSED,INSTRUCTION_COVERED,BRANCH_MISSED,BRANCH_COVERED,LINE_MISSED,LINE_COVERED,COMPLEXITY_MISSED,COMPLEXITY_COVERED,METHOD_MISSED,METHOD_COVERED
spacelabs,com.rawlabs.spacelabs.component,TokenProvider,0,116,0,0,0,30,0,9,0,9
spacelabs,com.rawlabs.spacelabs.component,UnauthorizedEntryPoint,0,52,0,2,0,17,0,3,0,2
spacelabs,com.rawlabs.spacelabs.component,OnApplicationStartup,0,38,0,0,0,14,0,3,0,3
spacelabs,com.rawlabs.spacelabs.service,AuthService,0,75,0,2,0,20,0,4,0,3
spacelabs,com.rawlabs.spacelabs.service,UserService,0,24,0,2,0,8,0,4,0,3
spacelabs,com.rawlabs.spacelabs.controller,AuthController,0,15,0,0,0,5,0,3,0,3
spacelabs,com.rawlabs.spacelabs.controller,ExampleAuthenticateController,0,28,0,0,0,10,0,3,0,3
